0 info it worked if it ends with ok
1 verbose cli [ 'node',
1 verbose cli   '/usr/local/bin/npm',
1 verbose cli   'install',
1 verbose cli   '--save-dev',
1 verbose cli   'gulp-rename' ]
2 info using npm@2.0.2
3 info using node@v0.10.31
4 verbose readDependencies using package.json deps
5 verbose cache add [ 'gulp-rename', null ]
6 verbose cache add spec="gulp-rename" args=["gulp-rename",null]
7 verbose parsed spec { raw: 'gulp-rename',
7 verbose parsed spec   scope: null,
7 verbose parsed spec   name: 'gulp-rename',
7 verbose parsed spec   rawSpec: '',
7 verbose parsed spec   spec: '*',
7 verbose parsed spec   type: 'range' }
8 verbose parsed spec { raw: 'gulp-rename',
8 verbose parsed spec   scope: null,
8 verbose parsed spec   name: 'gulp-rename',
8 verbose parsed spec   rawSpec: '',
8 verbose parsed spec   spec: '*',
8 verbose parsed spec   type: 'range' }
9 verbose addNamed [ 'gulp-rename', '*' ]
10 verbose addNamed [ null, '*' ]
11 silly lockFile 8c7d6c1b-gulp-rename gulp-rename@*
12 verbose lock gulp-rename@* /Users/stevenlu/.npm/8c7d6c1b-gulp-rename.lock
13 silly addNameRange { name: 'gulp-rename', range: '*', hasData: false }
14 verbose mapToRegistry name gulp-rename
15 verbose mapToRegistry uri http://maven.dev.duitang.com/nexus/content/groups/npm/gulp-rename
16 verbose request on initialization, where is /nexus/content/groups/npm/gulp-rename
17 verbose request after pass 1, where is /nexus/content/groups/npm/gulp-rename
18 verbose request url raw /nexus/content/groups/npm/gulp-rename
19 verbose request resolving registry [ 'http://maven.dev.duitang.com/',
19 verbose request   './nexus/content/groups/npm/gulp-rename' ]
20 verbose request after pass 2, where is http://maven.dev.duitang.com/nexus/content/groups/npm/gulp-rename
21 verbose request no auth needed
22 info attempt registry request try #1 at 15:11:30
23 verbose request id fff07864262acc1d
24 http request GET http://maven.dev.duitang.com/nexus/content/groups/npm/gulp-rename
25 info retry will retry, error on last attempt: Error: connect ETIMEDOUT
26 info attempt registry request try #2 at 15:12:55
27 http request GET http://maven.dev.duitang.com/nexus/content/groups/npm/gulp-rename
28 info retry will retry, error on last attempt: Error: connect ETIMEDOUT
29 info attempt registry request try #3 at 15:15:11
30 http request GET http://maven.dev.duitang.com/nexus/content/groups/npm/gulp-rename
31 silly registry.get cb [ 304, undefined ]
32 silly lockFile 8c7d6c1b-gulp-rename gulp-rename@*
33 silly lockFile 8c7d6c1b-gulp-rename gulp-rename@*
34 verbose stack Error: failed to fetch from registry: http://maven.dev.duitang.com/nexus/content/groups/npm/gulp-rename
34 verbose stack     at RegClient.<anonymous> (/usr/local/lib/node_modules/npm/node_modules/npm-registry-client/lib/get.js:159:18)
34 verbose stack     at f (/usr/local/lib/node_modules/npm/node_modules/npm-registry-client/node_modules/once/once.js:17:25)
34 verbose stack     at /usr/local/lib/node_modules/npm/node_modules/npm-registry-client/lib/request.js:125:10
34 verbose stack     at f (/usr/local/lib/node_modules/npm/node_modules/npm-registry-client/node_modules/once/once.js:17:25)
34 verbose stack     at RegClient.<anonymous> (/usr/local/lib/node_modules/npm/node_modules/npm-registry-client/lib/request.js:210:20)
34 verbose stack     at Request._callback (/usr/local/lib/node_modules/npm/node_modules/npm-registry-client/lib/request.js:189:20)
34 verbose stack     at self.callback (/usr/local/lib/node_modules/npm/node_modules/request/request.js:237:22)
34 verbose stack     at Request.emit (events.js:117:20)
34 verbose stack     at ClientRequest.self.clientErrorHandler (/usr/local/lib/node_modules/npm/node_modules/request/request.js:342:10)
34 verbose stack     at ClientRequest.emit (events.js:95:17)
35 verbose cwd /Users/stevenlu/Workspace/hugin/sanji
36 error Darwin 14.3.0
37 error argv "node" "/usr/local/bin/npm" "install" "--save-dev" "gulp-rename"
38 error node v0.10.31
39 error npm  v2.0.2
40 error failed to fetch from registry: http://maven.dev.duitang.com/nexus/content/groups/npm/gulp-rename
41 error If you need help, you may report this error at:
41 error     <http://github.com/npm/npm/issues>
42 verbose exit [ 1, true ]
